<?xml version="1.0" encoding="UTF-8"?>
<!-- Generated by org.testng.reporters.JUnitReportReporter -->
<testsuite hostname="ojas-dl453" failures="0" tests="1" name="tests.OrangeHRM.RegistrationTest" time="0.269" errors="0" timestamp="2022-12-13T18:28:18 IST" skipped="0">
  <testcase classname="tests.OrangeHRM.RegistrationTest" name="registrationpage" time="0.269"/>
  <system-out>
Title of the Page :Register Successfully Entered the Data in the Full name Text Field Successfully Entered Value : Gowtham Successfully entered the lastname data upperl  </system-out>
</testsuite> <!-- tests.OrangeHRM.RegistrationTest -->
