<?xml version="1.0" encoding="UTF-8"?>
<!-- Generated by org.testng.reporters.JUnitReportReporter -->
<testsuite hostname="ojas-dl453" failures="0" tests="1" name="OrangeHRM_runnerFile.OrangeHRM_MainClass" time="7.783" errors="0" timestamp="2022-12-09T22:56:53 IST" skipped="0">
  <testcase classname="OrangeHRM_runnerFile.OrangeHRM_MainClass" name="MyRunner" time="7.783"/>
  <system-out>
    <![CDATA[Title of the Page :Register
Successfully Entered the Data in the Full name Text Field
Successfully Entered Value : Gowtham
Successfully entered the lastname data upperl]]>
  </system-out>
</testsuite> <!-- OrangeHRM_runnerFile.OrangeHRM_MainClass -->
