<?xml version="1.0" encoding="UTF-8"?>
<!-- Generated by org.testng.reporters.JUnitReportReporter -->
<testsuite skipped="0" hostname="ojas-dl453" name="tests.OrangeHRM.ORM_Time_Test" tests="2" failures="0" timestamp="2023-01-25T15:52:51 IST" time="4.509" errors="0">
  <testcase name="time" time="4.508" classname="tests.OrangeHRM.ORM_Time_Test"/>
  <system-out/>
  <testcase name="employeename" time="0.001" classname="tests.OrangeHRM.ORM_Time_Test"/>
  <system-out/>
</testsuite> <!-- tests.OrangeHRM.ORM_Time_Test -->
