<?xml version="1.0" encoding="UTF-8"?>
<!-- Generated by org.testng.reporters.JUnitReportReporter -->
<testsuite skipped="7" hostname="ojas-dl453" name="tests.OrangeHRM.ORM_Leave_Test" tests="8" failures="0" timestamp="2023-01-25T12:51:01 IST" time="2.014" errors="1">
  <testcase name="entity" time="2.013" classname="tests.OrangeHRM.ORM_Leave_Test">
    <error type="java.lang.NullPointerException">
      <![CDATA[java.lang.NullPointerException
at POM.OrangeHRM.ORM_POM_Leave_Module.Leave(ORM_POM_Leave_Module.java:26)
at tests.OrangeHRM.ORM_Leave_Test.entity(ORM_Leave_Test.java:21)
at sun.reflect.NativeMethodAccessorImpl.invoke0(Native Method)
at sun.reflect.NativeMethodAccessorImpl.invoke(NativeMethodAccessorImpl.java:62)
at sun.reflect.DelegatingMethodAccessorImpl.invoke(DelegatingMethodAccessorImpl.java:43)
at java.lang.reflect.Method.invoke(Method.java:498)
at org.testng.internal.MethodInvocationHelper.invokeMethod(MethodInvocationHelper.java:133)
at org.testng.internal.TestInvoker.invokeMethod(TestInvoker.java:598)
at org.testng.internal.TestInvoker.invokeTestMethod(TestInvoker.java:173)
at org.testng.internal.MethodRunner.runInSequence(MethodRunner.java:46)
at org.testng.internal.TestInvoker$MethodInvocationAgent.invoke(TestInvoker.java:824)
at org.testng.internal.TestInvoker.invokeTestMethods(TestInvoker.java:146)
at org.testng.internal.TestMethodWorker.invokeTestMethods(TestMethodWorker.java:146)
at org.testng.internal.TestMethodWorker.run(TestMethodWorker.java:128)
at java.util.ArrayList.forEach(ArrayList.java:1257)
at org.testng.TestRunner.privateRun(TestRunner.java:794)
at org.testng.TestRunner.run(TestRunner.java:596)
at org.testng.SuiteRunner.runTest(SuiteRunner.java:377)
at org.testng.SuiteRunner.runSequentially(SuiteRunner.java:371)
at org.testng.SuiteRunner.privateRun(SuiteRunner.java:332)
at org.testng.SuiteRunner.run(SuiteRunner.java:276)
at org.testng.SuiteRunnerWorker.runSuite(SuiteRunnerWorker.java:53)
at org.testng.SuiteRunnerWorker.run(SuiteRunnerWorker.java:96)
at org.testng.TestNG.runSuitesSequentially(TestNG.java:1212)
at org.testng.TestNG.runSuitesLocally(TestNG.java:1134)
at org.testng.TestNG.runSuites(TestNG.java:1063)
at org.testng.TestNG.run(TestNG.java:1031)
at org.testng.remote.AbstractRemoteTestNG.run(AbstractRemoteTestNG.java:115)
at org.testng.remote.RemoteTestNG.initAndRun(RemoteTestNG.java:251)
at org.testng.remote.RemoteTestNG.main(RemoteTestNG.java:77)
]]>
    </error>
  </testcase> <!-- entity -->
  <system-out/>
  <testcase name="entitlements" time="0.001" classname="tests.OrangeHRM.ORM_Leave_Test">
    <skipped/>
  </testcase> <!-- entitlements -->
  <system-out/>
  <testcase name="addentitlements" time="0.000" classname="tests.OrangeHRM.ORM_Leave_Test">
    <skipped/>
  </testcase> <!-- addentitlements -->
  <system-out/>
  <testcase name="leavetype" time="0.000" classname="tests.OrangeHRM.ORM_Leave_Test">
    <skipped/>
  </testcase> <!-- leavetype -->
  <system-out/>
  <testcase name="leaveperiod" time="0.000" classname="tests.OrangeHRM.ORM_Leave_Test">
    <skipped/>
  </testcase> <!-- leaveperiod -->
  <system-out/>
  <testcase name="entitlementfield" time="0.000" classname="tests.OrangeHRM.ORM_Leave_Test">
    <skipped/>
  </testcase> <!-- entitlementfield -->
  <system-out/>
  <testcase name="savebutton" time="0.000" classname="tests.OrangeHRM.ORM_Leave_Test">
    <skipped/>
  </testcase> <!-- savebutton -->
  <system-out/>
  <testcase name="conformbutton" time="0.000" classname="tests.OrangeHRM.ORM_Leave_Test">
    <skipped/>
  </testcase> <!-- conformbutton -->
  <system-out/>
</testsuite> <!-- tests.OrangeHRM.ORM_Leave_Test -->
