<?xml version="1.0" encoding="UTF-8"?>
<!-- Generated by org.testng.reporters.JUnitReportReporter -->
<testsuite skipped="0" hostname="ojas-dl453" name="tests.OrangeHRM.ORM_Login_Test" tests="1" failures="0" timestamp="2023-01-04T15:23:52 IST" time="14.499" errors="0">
  <testcase name="orangehrmlogintest" time="14.499" classname="tests.OrangeHRM.ORM_Login_Test"/>
  <system-out>
    <![CDATA[Title of the Navigated Page :OrangeHRM
Validation Is completed Successfully.......<a href='C:\Users\su21260\Tasks_Dec2022\com.orangeHRM.org\.\Screenshot\WedJan04152346IST2023.png' target=_blank'>clickhere</a>
orange hrm login sucessfully completed]]>
  </system-out>
</testsuite> <!-- tests.OrangeHRM.ORM_Login_Test -->
