<?xml version="1.0" encoding="UTF-8"?>
<!-- Generated by org.testng.reporters.JUnitReportReporter -->
<testsuite hostname="ojas-dl453" failures="0" tests="2" name="tests.OrangeHRM.RegistrationTest" time="14.126" errors="0" timestamp="2023-01-02T12:14:48 IST" skipped="0">
  <testcase classname="tests.OrangeHRM.RegistrationTest" name="darwin" time="2.639"/>
  <system-out>
    <![CDATA[Title of the Page :Adactin.com - Hotel Reservation System
Validation Is completed Successfully.......<a href='C:\Users\su21260\Tasks_Dec2022\com.orangeHRM.org\.\Screenshot\MonJan02121436IST2023.png' target=_blank'>clickhere</a>
darwin application launched successfully]]>
  </system-out>
  <testcase classname="tests.OrangeHRM.RegistrationTest" name="orangehrmlogintest" time="11.487"/>
  <system-out>
    <![CDATA[Title of the Navigated Page :OrangeHRM
Validation Is completed Successfully.......<a href='C:\Users\su21260\Tasks_Dec2022\com.orangeHRM.org\.\Screenshot\MonJan02121447IST2023.png' target=_blank'>clickhere</a>
orange hrm login sucessfully completed]]>
  </system-out>
</testsuite> <!-- tests.OrangeHRM.RegistrationTest -->
