<?xml version="1.0" encoding="UTF-8"?>
<!-- Generated by org.testng.reporters.JUnitReportReporter -->
<testsuite hostname="ojas-dl453" failures="0" tests="1" name="tests.OrangeHRM.Orm_Test" time="0.001" errors="0" timestamp="2022-12-14T18:46:47 IST" skipped="0">
  <testcase classname="tests.OrangeHRM.Orm_Test" name="test" time="0.001"/>
  <system-out>
    <![CDATA[This is orangehrm test class]]>
  </system-out>
</testsuite> <!-- tests.OrangeHRM.Orm_Test -->
